  [1m[36m (1.2ms)[0m  [1mCREATE TABLE "schema_migrations" ("version" varchar NOT NULL) [0m
  [1m[35m (0.0ms)[0m  select sqlite_version(*)
  [1m[36m (1.0ms)[0m  [1mCREATE UNIQUE INDEX "unique_schema_migrations" ON "schema_migrations" ("version")[0m
  [1m[35mActiveRecord::SchemaMigration Load (0.1ms)[0m  SELECT "schema_migrations".* FROM "schema_migrations"
  [1m[36mActiveRecord::SchemaMigration Load (0.1ms)[0m  [1mSELECT "schema_migrations".* FROM "schema_migrations"[0m
Migrating to CreatePosts (20151230232412)
  [1m[35m (0.1ms)[0m  begin transaction
  [1m[36m (0.4ms)[0m  [1mCREATE TABLE "posts" ("id" INTEGER PRIMARY KEY AUTOINCREMENT NOT NULL, "title" varchar, "description" text, "created_at" datetime NOT NULL, "updated_at" datetime NOT NULL) [0m
  [1m[35mSQL (0.2ms)[0m  INSERT INTO "schema_migrations" ("version") VALUES (?)  [["version", "20151230232412"]]
  [1m[36m (1.3ms)[0m  [1mcommit transaction[0m
  [1m[35mActiveRecord::SchemaMigration Load (0.1ms)[0m  SELECT "schema_migrations".* FROM "schema_migrations"


Started GET "/" for 190.102.85.204 at 2019-01-17 15:16:23 +0000
  [1m[36mActiveRecord::SchemaMigration Load (0.1ms)[0m  [1mSELECT "schema_migrations".* FROM "schema_migrations"[0m
Processing by Rails::WelcomeController#index as HTML
  Rendered /usr/local/rvm/gems/ruby-2.3.1/gems/railties-4.2.11/lib/rails/templates/rails/welcome/index.html.erb (1.7ms)
Completed 200 OK in 20ms (Views: 9.7ms | ActiveRecord: 0.0ms)


Started GET "/posts" for 190.102.85.204 at 2019-01-17 15:16:36 +0000

ActionController::RoutingError (No route matches [GET] "/posts"):
  actionpack (4.2.11) lib/action_dispatch/middleware/debug_exceptions.rb:21:in `call'
  actionpack (4.2.11) lib/action_dispatch/middleware/show_exceptions.rb:30:in `call'
  railties (4.2.11) lib/rails/rack/logger.rb:38:in `call_app'
  railties (4.2.11) lib/rails/rack/logger.rb:20:in `block in call'
  activesupport (4.2.11) lib/active_support/tagged_logging.rb:68:in `block in tagged'
  activesupport (4.2.11) lib/active_support/tagged_logging.rb:26:in `tagged'
  activesupport (4.2.11) lib/active_support/tagged_logging.rb:68:in `tagged'
  railties (4.2.11) lib/rails/rack/logger.rb:20:in `call'
  actionpack (4.2.11) lib/action_dispatch/middleware/request_id.rb:21:in `call'
  rack (1.6.11) lib/rack/methodoverride.rb:22:in `call'
  rack (1.6.11) lib/rack/runtime.rb:18:in `call'
  activesupport (4.2.11) lib/active_support/cache/strategy/local_cache_middleware.rb:28:in `call'
  rack (1.6.11) lib/rack/lock.rb:17:in `call'
  actionpack (4.2.11) lib/action_dispatch/middleware/static.rb:120:in `call'
  rack (1.6.11) lib/rack/sendfile.rb:113:in `call'
  railties (4.2.11) lib/rails/engine.rb:518:in `call'
  railties (4.2.11) lib/rails/application.rb:165:in `call'
  rack (1.6.11) lib/rack/lock.rb:17:in `call'
  rack (1.6.11) lib/rack/content_length.rb:15:in `call'
  rack (1.6.11) lib/rack/handler/webrick.rb:88:in `service'
  /usr/local/rvm/rubies/ruby-2.3.1/lib/ruby/2.3.0/webrick/httpserver.rb:140:in `service'
  /usr/local/rvm/rubies/ruby-2.3.1/lib/ruby/2.3.0/webrick/httpserver.rb:96:in `run'
  /usr/local/rvm/rubies/ruby-2.3.1/lib/ruby/2.3.0/webrick/server.rb:296:in `block in start_thread'


  Rendered /usr/local/rvm/gems/ruby-2.3.1/gems/actionpack-4.2.11/lib/action_dispatch/middleware/templates/rescues/_trace.html.erb (2.0ms)
  Rendered /usr/local/rvm/gems/ruby-2.3.1/gems/actionpack-4.2.11/lib/action_dispatch/middleware/templates/routes/_route.html.erb (0.8ms)
  Rendered /usr/local/rvm/gems/ruby-2.3.1/gems/actionpack-4.2.11/lib/action_dispatch/middleware/templates/routes/_table.html.erb (12.4ms)
  Rendered /usr/local/rvm/gems/ruby-2.3.1/gems/actionpack-4.2.11/lib/action_dispatch/middleware/templates/rescues/_request_and_response.html.erb (1.3ms)
  Rendered /usr/local/rvm/gems/ruby-2.3.1/gems/actionpack-4.2.11/lib/action_dispatch/middleware/templates/rescues/routing_error.html.erb within rescues/layout (41.9ms)


Started GET "/show" for 190.102.85.204 at 2019-01-17 15:16:56 +0000

ActionController::RoutingError (No route matches [GET] "/show"):
  actionpack (4.2.11) lib/action_dispatch/middleware/debug_exceptions.rb:21:in `call'
  actionpack (4.2.11) lib/action_dispatch/middleware/show_exceptions.rb:30:in `call'
  railties (4.2.11) lib/rails/rack/logger.rb:38:in `call_app'
  railties (4.2.11) lib/rails/rack/logger.rb:20:in `block in call'
  activesupport (4.2.11) lib/active_support/tagged_logging.rb:68:in `block in tagged'
  activesupport (4.2.11) lib/active_support/tagged_logging.rb:26:in `tagged'
  activesupport (4.2.11) lib/active_support/tagged_logging.rb:68:in `tagged'
  railties (4.2.11) lib/rails/rack/logger.rb:20:in `call'
  actionpack (4.2.11) lib/action_dispatch/middleware/request_id.rb:21:in `call'
  rack (1.6.11) lib/rack/methodoverride.rb:22:in `call'
  rack (1.6.11) lib/rack/runtime.rb:18:in `call'
  activesupport (4.2.11) lib/active_support/cache/strategy/local_cache_middleware.rb:28:in `call'
  rack (1.6.11) lib/rack/lock.rb:17:in `call'
  actionpack (4.2.11) lib/action_dispatch/middleware/static.rb:120:in `call'
  rack (1.6.11) lib/rack/sendfile.rb:113:in `call'
  railties (4.2.11) lib/rails/engine.rb:518:in `call'
  railties (4.2.11) lib/rails/application.rb:165:in `call'
  rack (1.6.11) lib/rack/lock.rb:17:in `call'
  rack (1.6.11) lib/rack/content_length.rb:15:in `call'
  rack (1.6.11) lib/rack/handler/webrick.rb:88:in `service'
  /usr/local/rvm/rubies/ruby-2.3.1/lib/ruby/2.3.0/webrick/httpserver.rb:140:in `service'
  /usr/local/rvm/rubies/ruby-2.3.1/lib/ruby/2.3.0/webrick/httpserver.rb:96:in `run'
  /usr/local/rvm/rubies/ruby-2.3.1/lib/ruby/2.3.0/webrick/server.rb:296:in `block in start_thread'


  Rendered /usr/local/rvm/gems/ruby-2.3.1/gems/actionpack-4.2.11/lib/action_dispatch/middleware/templates/rescues/_trace.html.erb (1.1ms)
  Rendered /usr/local/rvm/gems/ruby-2.3.1/gems/actionpack-4.2.11/lib/action_dispatch/middleware/templates/routes/_route.html.erb (0.6ms)
  Rendered /usr/local/rvm/gems/ruby-2.3.1/gems/actionpack-4.2.11/lib/action_dispatch/middleware/templates/routes/_table.html.erb (1.2ms)
  Rendered /usr/local/rvm/gems/ruby-2.3.1/gems/actionpack-4.2.11/lib/action_dispatch/middleware/templates/rescues/_request_and_response.html.erb (1.0ms)
  Rendered /usr/local/rvm/gems/ruby-2.3.1/gems/actionpack-4.2.11/lib/action_dispatch/middleware/templates/rescues/routing_error.html.erb within rescues/layout (21.3ms)


Started GET "/posts/1" for 190.102.85.204 at 2019-01-17 15:17:29 +0000
Processing by PostsController#show as HTML
  Parameters: {"id"=>"1"}
  Rendered posts/show.html.erb within layouts/application (0.2ms)
Completed 200 OK in 427ms (Views: 426.8ms | ActiveRecord: 0.0ms)


Started GET "/assets/application.self-e80e8f2318043e8af94dddc2adad5a4f09739a8ebb323b3ab31cd71d45fd9113.css?body=1" for 190.102.85.204 at 2019-01-17 15:17:30 +0000


Started GET "/assets/jquery_ujs.self-784a997f6726036b1993eb2217c9cb558e1cbb801c6da88105588c56f13b466a.js?body=1" for 190.102.85.204 at 2019-01-17 15:17:30 +0000


Started GET "/assets/jquery.self-bd7ddd393353a8d2480a622e80342adf488fb6006d667e8b42e4c0073393abee.js?body=1" for 190.102.85.204 at 2019-01-17 15:17:30 +0000


Started GET "/assets/turbolinks.self-569ee74eaa15c1e2019317ff770b8769b1ec033a0f572a485f64c82ddc8f989e.js?body=1" for 190.102.85.204 at 2019-01-17 15:17:30 +0000


Started GET "/assets/application.self-3b8dabdc891efe46b9a144b400ad69e37d7e5876bdc39dee783419a69d7ca819.js?body=1" for 190.102.85.204 at 2019-01-17 15:17:30 +0000


Started GET "/posts/1" for 190.102.85.204 at 2019-01-17 15:23:56 +0000

SyntaxError (/home/stellar-founder-9737/rails-dynamic-request-readme-noukod-000/app/controllers/posts_controller.rb:4: syntax error, unexpected keyword_end, expecting ')'):
  app/controllers/posts_controller.rb:4: syntax error, unexpected keyword_end, expecting ')'


  Rendered /usr/local/rvm/gems/ruby-2.3.1/gems/actionpack-4.2.11/lib/action_dispatch/middleware/templates/rescues/_source.erb (3.2ms)
  Rendered /usr/local/rvm/gems/ruby-2.3.1/gems/actionpack-4.2.11/lib/action_dispatch/middleware/templates/rescues/_trace.html.erb (1.8ms)
  Rendered /usr/local/rvm/gems/ruby-2.3.1/gems/actionpack-4.2.11/lib/action_dispatch/middleware/templates/rescues/_request_and_response.html.erb (1.2ms)
  Rendered /usr/local/rvm/gems/ruby-2.3.1/gems/actionpack-4.2.11/lib/action_dispatch/middleware/templates/rescues/diagnostics.html.erb within rescues/layout (20.6ms)


Started GET "/posts/1" for 190.102.85.204 at 2019-01-17 15:37:05 +0000
  [1m[36mActiveRecord::SchemaMigration Load (0.1ms)[0m  [1mSELECT "schema_migrations".* FROM "schema_migrations"[0m
Processing by PostsController#show as HTML
  Parameters: {"id"=>"1"}
  [1m[35mPost Load (0.2ms)[0m  SELECT  "posts".* FROM "posts" WHERE "posts"."id" = ? LIMIT 1  [["id", 1]]
Completed 404 Not Found in 16ms (ActiveRecord: 0.5ms)

ActiveRecord::RecordNotFound (Couldn't find Post with 'id'=1):
  app/controllers/posts_controller.rb:3:in `show'


  Rendered /usr/local/rvm/gems/ruby-2.3.1/gems/actionpack-4.2.11/lib/action_dispatch/middleware/templates/rescues/_source.erb (4.0ms)
  Rendered /usr/local/rvm/gems/ruby-2.3.1/gems/actionpack-4.2.11/lib/action_dispatch/middleware/templates/rescues/_trace.html.erb (2.3ms)
  Rendered /usr/local/rvm/gems/ruby-2.3.1/gems/actionpack-4.2.11/lib/action_dispatch/middleware/templates/rescues/_request_and_response.html.erb (1.2ms)
  Rendered /usr/local/rvm/gems/ruby-2.3.1/gems/actionpack-4.2.11/lib/action_dispatch/middleware/templates/rescues/diagnostics.html.erb within rescues/layout (23.1ms)


Started GET "/posts/1" for 190.102.85.204 at 2019-01-17 15:37:13 +0000
Processing by PostsController#show as HTML
  Parameters: {"id"=>"1"}
  [1m[36mPost Load (0.1ms)[0m  [1mSELECT  "posts".* FROM "posts" WHERE "posts"."id" = ? LIMIT 1[0m  [["id", 1]]
Completed 404 Not Found in 1ms (ActiveRecord: 0.1ms)

ActiveRecord::RecordNotFound (Couldn't find Post with 'id'=1):
  app/controllers/posts_controller.rb:3:in `show'


  Rendered /usr/local/rvm/gems/ruby-2.3.1/gems/actionpack-4.2.11/lib/action_dispatch/middleware/templates/rescues/_source.erb (3.7ms)
  Rendered /usr/local/rvm/gems/ruby-2.3.1/gems/actionpack-4.2.11/lib/action_dispatch/middleware/templates/rescues/_trace.html.erb (1.8ms)
  Rendered /usr/local/rvm/gems/ruby-2.3.1/gems/actionpack-4.2.11/lib/action_dispatch/middleware/templates/rescues/_request_and_response.html.erb (0.8ms)
  Rendered /usr/local/rvm/gems/ruby-2.3.1/gems/actionpack-4.2.11/lib/action_dispatch/middleware/templates/rescues/diagnostics.html.erb within rescues/layout (19.8ms)


Started GET "/posts/1" for 190.102.85.204 at 2019-01-17 15:38:26 +0000
Processing by PostsController#show as HTML
  Parameters: {"id"=>"1"}
  [1m[35mPost Load (0.1ms)[0m  SELECT  "posts".* FROM "posts" WHERE "posts"."id" = ? LIMIT 1  [["id", 1]]
Completed 404 Not Found in 1ms (ActiveRecord: 0.1ms)

ActiveRecord::RecordNotFound (Couldn't find Post with 'id'=1):
  app/controllers/posts_controller.rb:3:in `show'


  Rendered /usr/local/rvm/gems/ruby-2.3.1/gems/actionpack-4.2.11/lib/action_dispatch/middleware/templates/rescues/_source.erb (3.6ms)
  Rendered /usr/local/rvm/gems/ruby-2.3.1/gems/actionpack-4.2.11/lib/action_dispatch/middleware/templates/rescues/_trace.html.erb (1.9ms)
  Rendered /usr/local/rvm/gems/ruby-2.3.1/gems/actionpack-4.2.11/lib/action_dispatch/middleware/templates/rescues/_request_and_response.html.erb (0.8ms)
  Rendered /usr/local/rvm/gems/ruby-2.3.1/gems/actionpack-4.2.11/lib/action_dispatch/middleware/templates/rescues/diagnostics.html.erb within rescues/layout (21.0ms)


Started GET "/posts" for 190.102.85.204 at 2019-01-17 15:38:30 +0000

ActionController::RoutingError (No route matches [GET] "/posts"):
  actionpack (4.2.11) lib/action_dispatch/middleware/debug_exceptions.rb:21:in `call'
  actionpack (4.2.11) lib/action_dispatch/middleware/show_exceptions.rb:30:in `call'
  railties (4.2.11) lib/rails/rack/logger.rb:38:in `call_app'
  railties (4.2.11) lib/rails/rack/logger.rb:20:in `block in call'
  activesupport (4.2.11) lib/active_support/tagged_logging.rb:68:in `block in tagged'
  activesupport (4.2.11) lib/active_support/tagged_logging.rb:26:in `tagged'
  activesupport (4.2.11) lib/active_support/tagged_logging.rb:68:in `tagged'
  railties (4.2.11) lib/rails/rack/logger.rb:20:in `call'
  actionpack (4.2.11) lib/action_dispatch/middleware/request_id.rb:21:in `call'
  rack (1.6.11) lib/rack/methodoverride.rb:22:in `call'
  rack (1.6.11) lib/rack/runtime.rb:18:in `call'
  activesupport (4.2.11) lib/active_support/cache/strategy/local_cache_middleware.rb:28:in `call'
  rack (1.6.11) lib/rack/lock.rb:17:in `call'
  actionpack (4.2.11) lib/action_dispatch/middleware/static.rb:120:in `call'
  rack (1.6.11) lib/rack/sendfile.rb:113:in `call'
  railties (4.2.11) lib/rails/engine.rb:518:in `call'
  railties (4.2.11) lib/rails/application.rb:165:in `call'
  rack (1.6.11) lib/rack/lock.rb:17:in `call'
  rack (1.6.11) lib/rack/content_length.rb:15:in `call'
  rack (1.6.11) lib/rack/handler/webrick.rb:88:in `service'
  /usr/local/rvm/rubies/ruby-2.3.1/lib/ruby/2.3.0/webrick/httpserver.rb:140:in `service'
  /usr/local/rvm/rubies/ruby-2.3.1/lib/ruby/2.3.0/webrick/httpserver.rb:96:in `run'
  /usr/local/rvm/rubies/ruby-2.3.1/lib/ruby/2.3.0/webrick/server.rb:296:in `block in start_thread'


  Rendered /usr/local/rvm/gems/ruby-2.3.1/gems/actionpack-4.2.11/lib/action_dispatch/middleware/templates/rescues/_trace.html.erb (1.1ms)
  Rendered /usr/local/rvm/gems/ruby-2.3.1/gems/actionpack-4.2.11/lib/action_dispatch/middleware/templates/routes/_route.html.erb (0.7ms)
  Rendered /usr/local/rvm/gems/ruby-2.3.1/gems/actionpack-4.2.11/lib/action_dispatch/middleware/templates/routes/_table.html.erb (6.3ms)
  Rendered /usr/local/rvm/gems/ruby-2.3.1/gems/actionpack-4.2.11/lib/action_dispatch/middleware/templates/rescues/_request_and_response.html.erb (1.1ms)
  Rendered /usr/local/rvm/gems/ruby-2.3.1/gems/actionpack-4.2.11/lib/action_dispatch/middleware/templates/rescues/routing_error.html.erb within rescues/layout (35.3ms)


Started GET "/show" for 190.102.85.204 at 2019-01-17 15:38:36 +0000

ActionController::RoutingError (No route matches [GET] "/show"):
  actionpack (4.2.11) lib/action_dispatch/middleware/debug_exceptions.rb:21:in `call'
  actionpack (4.2.11) lib/action_dispatch/middleware/show_exceptions.rb:30:in `call'
  railties (4.2.11) lib/rails/rack/logger.rb:38:in `call_app'
  railties (4.2.11) lib/rails/rack/logger.rb:20:in `block in call'
  activesupport (4.2.11) lib/active_support/tagged_logging.rb:68:in `block in tagged'
  activesupport (4.2.11) lib/active_support/tagged_logging.rb:26:in `tagged'
  activesupport (4.2.11) lib/active_support/tagged_logging.rb:68:in `tagged'
  railties (4.2.11) lib/rails/rack/logger.rb:20:in `call'
  actionpack (4.2.11) lib/action_dispatch/middleware/request_id.rb:21:in `call'
  rack (1.6.11) lib/rack/methodoverride.rb:22:in `call'
  rack (1.6.11) lib/rack/runtime.rb:18:in `call'
  activesupport (4.2.11) lib/active_support/cache/strategy/local_cache_middleware.rb:28:in `call'
  rack (1.6.11) lib/rack/lock.rb:17:in `call'
  actionpack (4.2.11) lib/action_dispatch/middleware/static.rb:120:in `call'
  rack (1.6.11) lib/rack/sendfile.rb:113:in `call'
  railties (4.2.11) lib/rails/engine.rb:518:in `call'
  railties (4.2.11) lib/rails/application.rb:165:in `call'
  rack (1.6.11) lib/rack/lock.rb:17:in `call'
  rack (1.6.11) lib/rack/content_length.rb:15:in `call'
  rack (1.6.11) lib/rack/handler/webrick.rb:88:in `service'
  /usr/local/rvm/rubies/ruby-2.3.1/lib/ruby/2.3.0/webrick/httpserver.rb:140:in `service'
  /usr/local/rvm/rubies/ruby-2.3.1/lib/ruby/2.3.0/webrick/httpserver.rb:96:in `run'
  /usr/local/rvm/rubies/ruby-2.3.1/lib/ruby/2.3.0/webrick/server.rb:296:in `block in start_thread'


  Rendered /usr/local/rvm/gems/ruby-2.3.1/gems/actionpack-4.2.11/lib/action_dispatch/middleware/templates/rescues/_trace.html.erb (1.7ms)
  Rendered /usr/local/rvm/gems/ruby-2.3.1/gems/actionpack-4.2.11/lib/action_dispatch/middleware/templates/routes/_route.html.erb (0.8ms)
  Rendered /usr/local/rvm/gems/ruby-2.3.1/gems/actionpack-4.2.11/lib/action_dispatch/middleware/templates/routes/_table.html.erb (1.2ms)
  Rendered /usr/local/rvm/gems/ruby-2.3.1/gems/actionpack-4.2.11/lib/action_dispatch/middleware/templates/rescues/_request_and_response.html.erb (1.4ms)
  Rendered /usr/local/rvm/gems/ruby-2.3.1/gems/actionpack-4.2.11/lib/action_dispatch/middleware/templates/rescues/routing_error.html.erb within rescues/layout (26.0ms)


Started GET "/" for 190.102.85.204 at 2019-01-17 15:39:40 +0000
Processing by Rails::WelcomeController#index as HTML
  Rendered /usr/local/rvm/gems/ruby-2.3.1/gems/railties-4.2.11/lib/rails/templates/rails/welcome/index.html.erb (0.7ms)
Completed 200 OK in 4ms (Views: 3.3ms | ActiveRecord: 0.0ms)


Started GET "/posts" for 190.102.85.204 at 2019-01-17 15:39:56 +0000

ActionController::RoutingError (No route matches [GET] "/posts"):
  actionpack (4.2.11) lib/action_dispatch/middleware/debug_exceptions.rb:21:in `call'
  actionpack (4.2.11) lib/action_dispatch/middleware/show_exceptions.rb:30:in `call'
  railties (4.2.11) lib/rails/rack/logger.rb:38:in `call_app'
  railties (4.2.11) lib/rails/rack/logger.rb:20:in `block in call'
  activesupport (4.2.11) lib/active_support/tagged_logging.rb:68:in `block in tagged'
  activesupport (4.2.11) lib/active_support/tagged_logging.rb:26:in `tagged'
  activesupport (4.2.11) lib/active_support/tagged_logging.rb:68:in `tagged'
  railties (4.2.11) lib/rails/rack/logger.rb:20:in `call'
  actionpack (4.2.11) lib/action_dispatch/middleware/request_id.rb:21:in `call'
  rack (1.6.11) lib/rack/methodoverride.rb:22:in `call'
  rack (1.6.11) lib/rack/runtime.rb:18:in `call'
  activesupport (4.2.11) lib/active_support/cache/strategy/local_cache_middleware.rb:28:in `call'
  rack (1.6.11) lib/rack/lock.rb:17:in `call'
  actionpack (4.2.11) lib/action_dispatch/middleware/static.rb:120:in `call'
  rack (1.6.11) lib/rack/sendfile.rb:113:in `call'
  railties (4.2.11) lib/rails/engine.rb:518:in `call'
  railties (4.2.11) lib/rails/application.rb:165:in `call'
  rack (1.6.11) lib/rack/lock.rb:17:in `call'
  rack (1.6.11) lib/rack/content_length.rb:15:in `call'
  rack (1.6.11) lib/rack/handler/webrick.rb:88:in `service'
  /usr/local/rvm/rubies/ruby-2.3.1/lib/ruby/2.3.0/webrick/httpserver.rb:140:in `service'
  /usr/local/rvm/rubies/ruby-2.3.1/lib/ruby/2.3.0/webrick/httpserver.rb:96:in `run'
  /usr/local/rvm/rubies/ruby-2.3.1/lib/ruby/2.3.0/webrick/server.rb:296:in `block in start_thread'


  Rendered /usr/local/rvm/gems/ruby-2.3.1/gems/actionpack-4.2.11/lib/action_dispatch/middleware/templates/rescues/_trace.html.erb (1.2ms)
  Rendered /usr/local/rvm/gems/ruby-2.3.1/gems/actionpack-4.2.11/lib/action_dispatch/middleware/templates/routes/_route.html.erb (0.6ms)
  Rendered /usr/local/rvm/gems/ruby-2.3.1/gems/actionpack-4.2.11/lib/action_dispatch/middleware/templates/routes/_table.html.erb (1.0ms)
  Rendered /usr/local/rvm/gems/ruby-2.3.1/gems/actionpack-4.2.11/lib/action_dispatch/middleware/templates/rescues/_request_and_response.html.erb (1.2ms)
  Rendered /usr/local/rvm/gems/ruby-2.3.1/gems/actionpack-4.2.11/lib/action_dispatch/middleware/templates/rescues/routing_error.html.erb within rescues/layout (21.4ms)


Started GET "/posts/1" for 190.102.85.204 at 2019-01-17 15:40:08 +0000
Processing by PostsController#show as HTML
  Parameters: {"id"=>"1"}
  [1m[36mPost Load (0.1ms)[0m  [1mSELECT  "posts".* FROM "posts" WHERE "posts"."id" = ? LIMIT 1[0m  [["id", 1]]
Completed 404 Not Found in 1ms (ActiveRecord: 0.1ms)

ActiveRecord::RecordNotFound (Couldn't find Post with 'id'=1):
  app/controllers/posts_controller.rb:3:in `show'


  Rendered /usr/local/rvm/gems/ruby-2.3.1/gems/actionpack-4.2.11/lib/action_dispatch/middleware/templates/rescues/_source.erb (4.8ms)
  Rendered /usr/local/rvm/gems/ruby-2.3.1/gems/actionpack-4.2.11/lib/action_dispatch/middleware/templates/rescues/_trace.html.erb (2.2ms)
  Rendered /usr/local/rvm/gems/ruby-2.3.1/gems/actionpack-4.2.11/lib/action_dispatch/middleware/templates/rescues/_request_and_response.html.erb (0.9ms)
  Rendered /usr/local/rvm/gems/ruby-2.3.1/gems/actionpack-4.2.11/lib/action_dispatch/middleware/templates/rescues/diagnostics.html.erb within rescues/layout (23.9ms)


Started GET "/posts/id" for 190.102.85.204 at 2019-01-17 15:40:28 +0000
Processing by PostsController#show as HTML
  Parameters: {"id"=>"id"}
  [1m[35mPost Load (0.1ms)[0m  SELECT  "posts".* FROM "posts" WHERE "posts"."id" = ? LIMIT 1  [["id", 0]]
Completed 404 Not Found in 1ms (ActiveRecord: 0.1ms)

ActiveRecord::RecordNotFound (Couldn't find Post with 'id'=id):
  app/controllers/posts_controller.rb:3:in `show'


  Rendered /usr/local/rvm/gems/ruby-2.3.1/gems/actionpack-4.2.11/lib/action_dispatch/middleware/templates/rescues/_source.erb (5.4ms)
  Rendered /usr/local/rvm/gems/ruby-2.3.1/gems/actionpack-4.2.11/lib/action_dispatch/middleware/templates/rescues/_trace.html.erb (3.1ms)
  Rendered /usr/local/rvm/gems/ruby-2.3.1/gems/actionpack-4.2.11/lib/action_dispatch/middleware/templates/rescues/_request_and_response.html.erb (1.5ms)
  Rendered /usr/local/rvm/gems/ruby-2.3.1/gems/actionpack-4.2.11/lib/action_dispatch/middleware/templates/rescues/diagnostics.html.erb within rescues/layout (24.9ms)


Started GET "/posts/id" for 190.102.85.204 at 2019-01-17 15:43:37 +0000
Processing by PostsController#show as HTML
  Parameters: {"id"=>"id"}
  [1m[36mPost Load (0.1ms)[0m  [1mSELECT  "posts".* FROM "posts" WHERE "posts"."id" = ? LIMIT 1[0m  [["id", 0]]
Completed 404 Not Found in 4ms (ActiveRecord: 0.8ms)

ActiveRecord::RecordNotFound (Couldn't find Post with 'id'=id):
  app/controllers/posts_controller.rb:3:in `show'


  Rendered /usr/local/rvm/gems/ruby-2.3.1/gems/actionpack-4.2.11/lib/action_dispatch/middleware/templates/rescues/_source.erb (3.8ms)
  Rendered /usr/local/rvm/gems/ruby-2.3.1/gems/actionpack-4.2.11/lib/action_dispatch/middleware/templates/rescues/_trace.html.erb (1.9ms)
  Rendered /usr/local/rvm/gems/ruby-2.3.1/gems/actionpack-4.2.11/lib/action_dispatch/middleware/templates/rescues/_request_and_response.html.erb (0.9ms)
  Rendered /usr/local/rvm/gems/ruby-2.3.1/gems/actionpack-4.2.11/lib/action_dispatch/middleware/templates/rescues/diagnostics.html.erb within rescues/layout (20.3ms)


Started GET "/posts/1" for 190.102.85.204 at 2019-01-17 15:43:45 +0000
Processing by PostsController#show as HTML
  Parameters: {"id"=>"1"}
  [1m[35mPost Load (0.2ms)[0m  SELECT  "posts".* FROM "posts" WHERE "posts"."id" = ? LIMIT 1  [["id", 1]]
Completed 404 Not Found in 1ms (ActiveRecord: 0.2ms)

ActiveRecord::RecordNotFound (Couldn't find Post with 'id'=1):
  app/controllers/posts_controller.rb:3:in `show'


  Rendered /usr/local/rvm/gems/ruby-2.3.1/gems/actionpack-4.2.11/lib/action_dispatch/middleware/templates/rescues/_source.erb (4.8ms)
  Rendered /usr/local/rvm/gems/ruby-2.3.1/gems/actionpack-4.2.11/lib/action_dispatch/middleware/templates/rescues/_trace.html.erb (2.3ms)
  Rendered /usr/local/rvm/gems/ruby-2.3.1/gems/actionpack-4.2.11/lib/action_dispatch/middleware/templates/rescues/_request_and_response.html.erb (3.5ms)
  Rendered /usr/local/rvm/gems/ruby-2.3.1/gems/actionpack-4.2.11/lib/action_dispatch/middleware/templates/rescues/diagnostics.html.erb within rescues/layout (24.9ms)


Started GET "/posts/1" for 190.102.85.204 at 2019-01-17 15:44:04 +0000
Processing by PostsController#show as HTML
  Parameters: {"id"=>"1"}
  [1m[36mPost Load (0.1ms)[0m  [1mSELECT  "posts".* FROM "posts" WHERE "posts"."id" = ? LIMIT 1[0m  [["id", 1]]
Completed 404 Not Found in 1ms (ActiveRecord: 0.1ms)

ActiveRecord::RecordNotFound (Couldn't find Post with 'id'=1):
  app/controllers/posts_controller.rb:3:in `show'


  Rendered /usr/local/rvm/gems/ruby-2.3.1/gems/actionpack-4.2.11/lib/action_dispatch/middleware/templates/rescues/_source.erb (4.0ms)
  Rendered /usr/local/rvm/gems/ruby-2.3.1/gems/actionpack-4.2.11/lib/action_dispatch/middleware/templates/rescues/_trace.html.erb (2.2ms)
  Rendered /usr/local/rvm/gems/ruby-2.3.1/gems/actionpack-4.2.11/lib/action_dispatch/middleware/templates/rescues/_request_and_response.html.erb (0.8ms)
  Rendered /usr/local/rvm/gems/ruby-2.3.1/gems/actionpack-4.2.11/lib/action_dispatch/middleware/templates/rescues/diagnostics.html.erb within rescues/layout (23.3ms)


Started GET "/posts/1" for 190.102.85.204 at 2019-01-17 15:44:40 +0000
Processing by PostsController#show as HTML
  Parameters: {"id"=>"1"}
  [1m[35mPost Load (0.2ms)[0m  SELECT  "posts".* FROM "posts" WHERE "posts"."id" = ? LIMIT 1  [["id", 1]]
Completed 404 Not Found in 5ms (ActiveRecord: 0.9ms)

ActiveRecord::RecordNotFound (Couldn't find Post with 'id'=1):
  app/controllers/posts_controller.rb:3:in `show'


  Rendered /usr/local/rvm/gems/ruby-2.3.1/gems/actionpack-4.2.11/lib/action_dispatch/middleware/templates/rescues/_source.erb (3.7ms)
  Rendered /usr/local/rvm/gems/ruby-2.3.1/gems/actionpack-4.2.11/lib/action_dispatch/middleware/templates/rescues/_trace.html.erb (1.9ms)
  Rendered /usr/local/rvm/gems/ruby-2.3.1/gems/actionpack-4.2.11/lib/action_dispatch/middleware/templates/rescues/_request_and_response.html.erb (0.8ms)
  Rendered /usr/local/rvm/gems/ruby-2.3.1/gems/actionpack-4.2.11/lib/action_dispatch/middleware/templates/rescues/diagnostics.html.erb within rescues/layout (21.9ms)


Started GET "/posts/1" for 190.102.85.204 at 2019-01-17 15:45:01 +0000
Processing by PostsController#show as HTML
  Parameters: {"id"=>"1"}
  [1m[36mPost Load (0.2ms)[0m  [1mSELECT  "posts".* FROM "posts" WHERE "posts"."id" = ? LIMIT 1[0m  [["id", 1]]
Completed 404 Not Found in 4ms (ActiveRecord: 0.7ms)

ActiveRecord::RecordNotFound (Couldn't find Post with 'id'=1):
  app/controllers/posts_controller.rb:3:in `show'


  Rendered /usr/local/rvm/gems/ruby-2.3.1/gems/actionpack-4.2.11/lib/action_dispatch/middleware/templates/rescues/_source.erb (4.1ms)
  Rendered /usr/local/rvm/gems/ruby-2.3.1/gems/actionpack-4.2.11/lib/action_dispatch/middleware/templates/rescues/_trace.html.erb (2.2ms)
  Rendered /usr/local/rvm/gems/ruby-2.3.1/gems/actionpack-4.2.11/lib/action_dispatch/middleware/templates/rescues/_request_and_response.html.erb (0.9ms)
  Rendered /usr/local/rvm/gems/ruby-2.3.1/gems/actionpack-4.2.11/lib/action_dispatch/middleware/templates/rescues/diagnostics.html.erb within rescues/layout (21.7ms)


Started GET "/posts" for 190.102.85.204 at 2019-01-17 15:45:16 +0000

ActionController::RoutingError (No route matches [GET] "/posts"):
  actionpack (4.2.11) lib/action_dispatch/middleware/debug_exceptions.rb:21:in `call'
  actionpack (4.2.11) lib/action_dispatch/middleware/show_exceptions.rb:30:in `call'
  railties (4.2.11) lib/rails/rack/logger.rb:38:in `call_app'
  railties (4.2.11) lib/rails/rack/logger.rb:20:in `block in call'
  activesupport (4.2.11) lib/active_support/tagged_logging.rb:68:in `block in tagged'
  activesupport (4.2.11) lib/active_support/tagged_logging.rb:26:in `tagged'
  activesupport (4.2.11) lib/active_support/tagged_logging.rb:68:in `tagged'
  railties (4.2.11) lib/rails/rack/logger.rb:20:in `call'
  actionpack (4.2.11) lib/action_dispatch/middleware/request_id.rb:21:in `call'
  rack (1.6.11) lib/rack/methodoverride.rb:22:in `call'
  rack (1.6.11) lib/rack/runtime.rb:18:in `call'
  activesupport (4.2.11) lib/active_support/cache/strategy/local_cache_middleware.rb:28:in `call'
  rack (1.6.11) lib/rack/lock.rb:17:in `call'
  actionpack (4.2.11) lib/action_dispatch/middleware/static.rb:120:in `call'
  rack (1.6.11) lib/rack/sendfile.rb:113:in `call'
  railties (4.2.11) lib/rails/engine.rb:518:in `call'
  railties (4.2.11) lib/rails/application.rb:165:in `call'
  rack (1.6.11) lib/rack/lock.rb:17:in `call'
  rack (1.6.11) lib/rack/content_length.rb:15:in `call'
  rack (1.6.11) lib/rack/handler/webrick.rb:88:in `service'
  /usr/local/rvm/rubies/ruby-2.3.1/lib/ruby/2.3.0/webrick/httpserver.rb:140:in `service'
  /usr/local/rvm/rubies/ruby-2.3.1/lib/ruby/2.3.0/webrick/httpserver.rb:96:in `run'
  /usr/local/rvm/rubies/ruby-2.3.1/lib/ruby/2.3.0/webrick/server.rb:296:in `block in start_thread'


  Rendered /usr/local/rvm/gems/ruby-2.3.1/gems/actionpack-4.2.11/lib/action_dispatch/middleware/templates/rescues/_trace.html.erb (1.9ms)
  Rendered /usr/local/rvm/gems/ruby-2.3.1/gems/actionpack-4.2.11/lib/action_dispatch/middleware/templates/routes/_route.html.erb (3.8ms)
  Rendered /usr/local/rvm/gems/ruby-2.3.1/gems/actionpack-4.2.11/lib/action_dispatch/middleware/templates/routes/_table.html.erb (1.6ms)
  Rendered /usr/local/rvm/gems/ruby-2.3.1/gems/actionpack-4.2.11/lib/action_dispatch/middleware/templates/rescues/_request_and_response.html.erb (1.4ms)
  Rendered /usr/local/rvm/gems/ruby-2.3.1/gems/actionpack-4.2.11/lib/action_dispatch/middleware/templates/rescues/routing_error.html.erb within rescues/layout (28.6ms)


Started GET "/" for 190.102.85.204 at 2019-01-17 15:45:26 +0000
Processing by Rails::WelcomeController#index as HTML
  Rendered /usr/local/rvm/gems/ruby-2.3.1/gems/railties-4.2.11/lib/rails/templates/rails/welcome/index.html.erb (0.1ms)
Completed 200 OK in 2ms (Views: 1.4ms | ActiveRecord: 0.0ms)


Started GET "/posts" for 190.102.85.204 at 2019-01-17 15:45:33 +0000

ActionController::RoutingError (No route matches [GET] "/posts"):
  actionpack (4.2.11) lib/action_dispatch/middleware/debug_exceptions.rb:21:in `call'
  actionpack (4.2.11) lib/action_dispatch/middleware/show_exceptions.rb:30:in `call'
  railties (4.2.11) lib/rails/rack/logger.rb:38:in `call_app'
  railties (4.2.11) lib/rails/rack/logger.rb:20:in `block in call'
  activesupport (4.2.11) lib/active_support/tagged_logging.rb:68:in `block in tagged'
  activesupport (4.2.11) lib/active_support/tagged_logging.rb:26:in `tagged'
  activesupport (4.2.11) lib/active_support/tagged_logging.rb:68:in `tagged'
  railties (4.2.11) lib/rails/rack/logger.rb:20:in `call'
  actionpack (4.2.11) lib/action_dispatch/middleware/request_id.rb:21:in `call'
  rack (1.6.11) lib/rack/methodoverride.rb:22:in `call'
  rack (1.6.11) lib/rack/runtime.rb:18:in `call'
  activesupport (4.2.11) lib/active_support/cache/strategy/local_cache_middleware.rb:28:in `call'
  rack (1.6.11) lib/rack/lock.rb:17:in `call'
  actionpack (4.2.11) lib/action_dispatch/middleware/static.rb:120:in `call'
  rack (1.6.11) lib/rack/sendfile.rb:113:in `call'
  railties (4.2.11) lib/rails/engine.rb:518:in `call'
  railties (4.2.11) lib/rails/application.rb:165:in `call'
  rack (1.6.11) lib/rack/lock.rb:17:in `call'
  rack (1.6.11) lib/rack/content_length.rb:15:in `call'
  rack (1.6.11) lib/rack/handler/webrick.rb:88:in `service'
  /usr/local/rvm/rubies/ruby-2.3.1/lib/ruby/2.3.0/webrick/httpserver.rb:140:in `service'
  /usr/local/rvm/rubies/ruby-2.3.1/lib/ruby/2.3.0/webrick/httpserver.rb:96:in `run'
  /usr/local/rvm/rubies/ruby-2.3.1/lib/ruby/2.3.0/webrick/server.rb:296:in `block in start_thread'


  Rendered /usr/local/rvm/gems/ruby-2.3.1/gems/actionpack-4.2.11/lib/action_dispatch/middleware/templates/rescues/_trace.html.erb (1.3ms)
  Rendered /usr/local/rvm/gems/ruby-2.3.1/gems/actionpack-4.2.11/lib/action_dispatch/middleware/templates/routes/_route.html.erb (0.7ms)
  Rendered /usr/local/rvm/gems/ruby-2.3.1/gems/actionpack-4.2.11/lib/action_dispatch/middleware/templates/routes/_table.html.erb (1.2ms)
  Rendered /usr/local/rvm/gems/ruby-2.3.1/gems/actionpack-4.2.11/lib/action_dispatch/middleware/templates/rescues/_request_and_response.html.erb (1.6ms)
  Rendered /usr/local/rvm/gems/ruby-2.3.1/gems/actionpack-4.2.11/lib/action_dispatch/middleware/templates/rescues/routing_error.html.erb within rescues/layout (23.5ms)


Started GET "/posts/" for 190.102.85.204 at 2019-01-17 15:45:39 +0000

ActionController::RoutingError (No route matches [GET] "/posts"):
  actionpack (4.2.11) lib/action_dispatch/middleware/debug_exceptions.rb:21:in `call'
  actionpack (4.2.11) lib/action_dispatch/middleware/show_exceptions.rb:30:in `call'
  railties (4.2.11) lib/rails/rack/logger.rb:38:in `call_app'
  railties (4.2.11) lib/rails/rack/logger.rb:20:in `block in call'
  activesupport (4.2.11) lib/active_support/tagged_logging.rb:68:in `block in tagged'
  activesupport (4.2.11) lib/active_support/tagged_logging.rb:26:in `tagged'
  activesupport (4.2.11) lib/active_support/tagged_logging.rb:68:in `tagged'
  railties (4.2.11) lib/rails/rack/logger.rb:20:in `call'
  actionpack (4.2.11) lib/action_dispatch/middleware/request_id.rb:21:in `call'
  rack (1.6.11) lib/rack/methodoverride.rb:22:in `call'
  rack (1.6.11) lib/rack/runtime.rb:18:in `call'
  activesupport (4.2.11) lib/active_support/cache/strategy/local_cache_middleware.rb:28:in `call'
  rack (1.6.11) lib/rack/lock.rb:17:in `call'
  actionpack (4.2.11) lib/action_dispatch/middleware/static.rb:120:in `call'
  rack (1.6.11) lib/rack/sendfile.rb:113:in `call'
  railties (4.2.11) lib/rails/engine.rb:518:in `call'
  railties (4.2.11) lib/rails/application.rb:165:in `call'
  rack (1.6.11) lib/rack/lock.rb:17:in `call'
  rack (1.6.11) lib/rack/content_length.rb:15:in `call'
  rack (1.6.11) lib/rack/handler/webrick.rb:88:in `service'
  /usr/local/rvm/rubies/ruby-2.3.1/lib/ruby/2.3.0/webrick/httpserver.rb:140:in `service'
  /usr/local/rvm/rubies/ruby-2.3.1/lib/ruby/2.3.0/webrick/httpserver.rb:96:in `run'
  /usr/local/rvm/rubies/ruby-2.3.1/lib/ruby/2.3.0/webrick/server.rb:296:in `block in start_thread'


  Rendered /usr/local/rvm/gems/ruby-2.3.1/gems/actionpack-4.2.11/lib/action_dispatch/middleware/templates/rescues/_trace.html.erb (1.4ms)
  Rendered /usr/local/rvm/gems/ruby-2.3.1/gems/actionpack-4.2.11/lib/action_dispatch/middleware/templates/routes/_route.html.erb (0.8ms)
  Rendered /usr/local/rvm/gems/ruby-2.3.1/gems/actionpack-4.2.11/lib/action_dispatch/middleware/templates/routes/_table.html.erb (1.3ms)
  Rendered /usr/local/rvm/gems/ruby-2.3.1/gems/actionpack-4.2.11/lib/action_dispatch/middleware/templates/rescues/_request_and_response.html.erb (1.3ms)
  Rendered /usr/local/rvm/gems/ruby-2.3.1/gems/actionpack-4.2.11/lib/action_dispatch/middleware/templates/rescues/routing_error.html.erb within rescues/layout (24.1ms)


Started GET "/posts/1" for 190.102.85.204 at 2019-01-17 15:45:47 +0000
Processing by PostsController#show as HTML
  Parameters: {"id"=>"1"}
  [1m[35mPost Load (0.2ms)[0m  SELECT  "posts".* FROM "posts" WHERE "posts"."id" = ? LIMIT 1  [["id", 1]]
Completed 404 Not Found in 1ms (ActiveRecord: 0.2ms)

ActiveRecord::RecordNotFound (Couldn't find Post with 'id'=1):
  app/controllers/posts_controller.rb:3:in `show'


  Rendered /usr/local/rvm/gems/ruby-2.3.1/gems/actionpack-4.2.11/lib/action_dispatch/middleware/templates/rescues/_source.erb (4.1ms)
  Rendered /usr/local/rvm/gems/ruby-2.3.1/gems/actionpack-4.2.11/lib/action_dispatch/middleware/templates/rescues/_trace.html.erb (2.2ms)
  Rendered /usr/local/rvm/gems/ruby-2.3.1/gems/actionpack-4.2.11/lib/action_dispatch/middleware/templates/rescues/_request_and_response.html.erb (0.8ms)
  Rendered /usr/local/rvm/gems/ruby-2.3.1/gems/actionpack-4.2.11/lib/action_dispatch/middleware/templates/rescues/diagnostics.html.erb within rescues/layout (21.9ms)


Started GET "/posts/1" for 190.102.85.204 at 2019-01-17 15:46:17 +0000
Processing by PostsController#show as HTML
  Parameters: {"id"=>"1"}
  [1m[36mPost Load (0.1ms)[0m  [1mSELECT  "posts".* FROM "posts" WHERE "posts"."id" = ? LIMIT 1[0m  [["id", 1]]
Completed 404 Not Found in 1ms (ActiveRecord: 0.1ms)

ActiveRecord::RecordNotFound (Couldn't find Post with 'id'=1):
  app/controllers/posts_controller.rb:3:in `show'


  Rendered /usr/local/rvm/gems/ruby-2.3.1/gems/actionpack-4.2.11/lib/action_dispatch/middleware/templates/rescues/_source.erb (4.0ms)
  Rendered /usr/local/rvm/gems/ruby-2.3.1/gems/actionpack-4.2.11/lib/action_dispatch/middleware/templates/rescues/_trace.html.erb (1.9ms)
  Rendered /usr/local/rvm/gems/ruby-2.3.1/gems/actionpack-4.2.11/lib/action_dispatch/middleware/templates/rescues/_request_and_response.html.erb (0.8ms)
  Rendered /usr/local/rvm/gems/ruby-2.3.1/gems/actionpack-4.2.11/lib/action_dispatch/middleware/templates/rescues/diagnostics.html.erb within rescues/layout (20.6ms)


Started GET "/posts/2" for 190.102.85.204 at 2019-01-17 15:47:24 +0000
Processing by PostsController#show as HTML
  Parameters: {"id"=>"2"}
  [1m[35mPost Load (0.1ms)[0m  SELECT  "posts".* FROM "posts" WHERE "posts"."id" = ? LIMIT 1  [["id", 2]]
Completed 404 Not Found in 6ms (ActiveRecord: 1.3ms)

ActiveRecord::RecordNotFound (Couldn't find Post with 'id'=2):
  app/controllers/posts_controller.rb:3:in `show'


  Rendered /usr/local/rvm/gems/ruby-2.3.1/gems/actionpack-4.2.11/lib/action_dispatch/middleware/templates/rescues/_source.erb (3.6ms)
  Rendered /usr/local/rvm/gems/ruby-2.3.1/gems/actionpack-4.2.11/lib/action_dispatch/middleware/templates/rescues/_trace.html.erb (2.1ms)
  Rendered /usr/local/rvm/gems/ruby-2.3.1/gems/actionpack-4.2.11/lib/action_dispatch/middleware/templates/rescues/_request_and_response.html.erb (1.0ms)
  Rendered /usr/local/rvm/gems/ruby-2.3.1/gems/actionpack-4.2.11/lib/action_dispatch/middleware/templates/rescues/diagnostics.html.erb within rescues/layout (22.4ms)


Started GET "/posts/0" for 190.102.85.204 at 2019-01-17 15:47:34 +0000
Processing by PostsController#show as HTML
  Parameters: {"id"=>"0"}
  [1m[36mPost Load (0.2ms)[0m  [1mSELECT  "posts".* FROM "posts" WHERE "posts"."id" = ? LIMIT 1[0m  [["id", 0]]
Completed 404 Not Found in 2ms (ActiveRecord: 0.2ms)

ActiveRecord::RecordNotFound (Couldn't find Post with 'id'=0):
  app/controllers/posts_controller.rb:3:in `show'


  Rendered /usr/local/rvm/gems/ruby-2.3.1/gems/actionpack-4.2.11/lib/action_dispatch/middleware/templates/rescues/_source.erb (3.5ms)
  Rendered /usr/local/rvm/gems/ruby-2.3.1/gems/actionpack-4.2.11/lib/action_dispatch/middleware/templates/rescues/_trace.html.erb (1.8ms)
  Rendered /usr/local/rvm/gems/ruby-2.3.1/gems/actionpack-4.2.11/lib/action_dispatch/middleware/templates/rescues/_request_and_response.html.erb (0.8ms)
  Rendered /usr/local/rvm/gems/ruby-2.3.1/gems/actionpack-4.2.11/lib/action_dispatch/middleware/templates/rescues/diagnostics.html.erb within rescues/layout (20.6ms)


Started GET "/posts/1" for 190.102.85.204 at 2019-01-17 15:47:46 +0000
Processing by PostsController#show as HTML
  Parameters: {"id"=>"1"}
  [1m[35mPost Load (0.1ms)[0m  SELECT  "posts".* FROM "posts" WHERE "posts"."id" = ? LIMIT 1  [["id", 1]]
Completed 404 Not Found in 1ms (ActiveRecord: 0.1ms)

ActiveRecord::RecordNotFound (Couldn't find Post with 'id'=1):
  app/controllers/posts_controller.rb:3:in `show'


  Rendered /usr/local/rvm/gems/ruby-2.3.1/gems/actionpack-4.2.11/lib/action_dispatch/middleware/templates/rescues/_source.erb (4.1ms)
  Rendered /usr/local/rvm/gems/ruby-2.3.1/gems/actionpack-4.2.11/lib/action_dispatch/middleware/templates/rescues/_trace.html.erb (2.0ms)
  Rendered /usr/local/rvm/gems/ruby-2.3.1/gems/actionpack-4.2.11/lib/action_dispatch/middleware/templates/rescues/_request_and_response.html.erb (0.9ms)
  Rendered /usr/local/rvm/gems/ruby-2.3.1/gems/actionpack-4.2.11/lib/action_dispatch/middleware/templates/rescues/diagnostics.html.erb within rescues/layout (21.3ms)


Started GET "/" for 190.102.85.204 at 2019-01-17 15:49:32 +0000
  [1m[36mActiveRecord::SchemaMigration Load (0.1ms)[0m  [1mSELECT "schema_migrations".* FROM "schema_migrations"[0m
Processing by Rails::WelcomeController#index as HTML
  Rendered /usr/local/rvm/gems/ruby-2.3.1/gems/railties-4.2.11/lib/rails/templates/rails/welcome/index.html.erb (1.6ms)
Completed 200 OK in 19ms (Views: 8.8ms | ActiveRecord: 0.0ms)


Started GET "/posts" for 190.102.85.204 at 2019-01-17 15:49:39 +0000

ActionController::RoutingError (No route matches [GET] "/posts"):
  actionpack (4.2.11) lib/action_dispatch/middleware/debug_exceptions.rb:21:in `call'
  actionpack (4.2.11) lib/action_dispatch/middleware/show_exceptions.rb:30:in `call'
  railties (4.2.11) lib/rails/rack/logger.rb:38:in `call_app'
  railties (4.2.11) lib/rails/rack/logger.rb:20:in `block in call'
  activesupport (4.2.11) lib/active_support/tagged_logging.rb:68:in `block in tagged'
  activesupport (4.2.11) lib/active_support/tagged_logging.rb:26:in `tagged'
  activesupport (4.2.11) lib/active_support/tagged_logging.rb:68:in `tagged'
  railties (4.2.11) lib/rails/rack/logger.rb:20:in `call'
  actionpack (4.2.11) lib/action_dispatch/middleware/request_id.rb:21:in `call'
  rack (1.6.11) lib/rack/methodoverride.rb:22:in `call'
  rack (1.6.11) lib/rack/runtime.rb:18:in `call'
  activesupport (4.2.11) lib/active_support/cache/strategy/local_cache_middleware.rb:28:in `call'
  rack (1.6.11) lib/rack/lock.rb:17:in `call'
  actionpack (4.2.11) lib/action_dispatch/middleware/static.rb:120:in `call'
  rack (1.6.11) lib/rack/sendfile.rb:113:in `call'
  railties (4.2.11) lib/rails/engine.rb:518:in `call'
  railties (4.2.11) lib/rails/application.rb:165:in `call'
  rack (1.6.11) lib/rack/lock.rb:17:in `call'
  rack (1.6.11) lib/rack/content_length.rb:15:in `call'
  rack (1.6.11) lib/rack/handler/webrick.rb:88:in `service'
  /usr/local/rvm/rubies/ruby-2.3.1/lib/ruby/2.3.0/webrick/httpserver.rb:140:in `service'
  /usr/local/rvm/rubies/ruby-2.3.1/lib/ruby/2.3.0/webrick/httpserver.rb:96:in `run'
  /usr/local/rvm/rubies/ruby-2.3.1/lib/ruby/2.3.0/webrick/server.rb:296:in `block in start_thread'


  Rendered /usr/local/rvm/gems/ruby-2.3.1/gems/actionpack-4.2.11/lib/action_dispatch/middleware/templates/rescues/_trace.html.erb (1.2ms)
  Rendered /usr/local/rvm/gems/ruby-2.3.1/gems/actionpack-4.2.11/lib/action_dispatch/middleware/templates/routes/_route.html.erb (0.6ms)
  Rendered /usr/local/rvm/gems/ruby-2.3.1/gems/actionpack-4.2.11/lib/action_dispatch/middleware/templates/routes/_table.html.erb (6.5ms)
  Rendered /usr/local/rvm/gems/ruby-2.3.1/gems/actionpack-4.2.11/lib/action_dispatch/middleware/templates/rescues/_request_and_response.html.erb (1.2ms)
  Rendered /usr/local/rvm/gems/ruby-2.3.1/gems/actionpack-4.2.11/lib/action_dispatch/middleware/templates/rescues/routing_error.html.erb within rescues/layout (31.0ms)


Started GET "/posts/1" for 190.102.85.204 at 2019-01-17 15:49:51 +0000
Processing by PostsController#show as HTML
  Parameters: {"id"=>"1"}
  Rendered posts/show.html.erb within layouts/application (3.8ms)
Completed 500 Internal Server Error in 9ms (ActiveRecord: 0.0ms)

ActionView::Template::Error (undefined method `title' for nil:NilClass):
    1: <!-- <h1><%= @post.title %></h1> -->
    2: <!-- <p><%= @post.description %></p> --> -->
  app/views/posts/show.html.erb:1:in `_app_views_posts_show_html_erb__3797307837797852107_37566900'


  Rendered /usr/local/rvm/gems/ruby-2.3.1/gems/actionpack-4.2.11/lib/action_dispatch/middleware/templates/rescues/_source.erb (6.7ms)
  Rendered /usr/local/rvm/gems/ruby-2.3.1/gems/actionpack-4.2.11/lib/action_dispatch/middleware/templates/rescues/_trace.html.erb (3.4ms)
  Rendered /usr/local/rvm/gems/ruby-2.3.1/gems/actionpack-4.2.11/lib/action_dispatch/middleware/templates/rescues/_request_and_response.html.erb (1.3ms)
  Rendered /usr/local/rvm/gems/ruby-2.3.1/gems/actionpack-4.2.11/lib/action_dispatch/middleware/templates/rescues/template_error.html.erb within rescues/layout (29.9ms)


Started GET "/posts/1" for 190.102.85.204 at 2019-01-17 15:50:11 +0000
Processing by PostsController#show as HTML
  Parameters: {"id"=>"1"}
  Rendered posts/show.html.erb within layouts/application (1.8ms)
Completed 500 Internal Server Error in 4ms (ActiveRecord: 0.0ms)

ActionView::Template::Error (undefined method `title' for nil:NilClass):
    1: <!-- <h1><%= @post.title %></h1> -->
    2: <!-- <p><%= @post.description %></p> -->
  app/views/posts/show.html.erb:1:in `_app_views_posts_show_html_erb__3797307837797852107_38702240'


  Rendered /usr/local/rvm/gems/ruby-2.3.1/gems/actionpack-4.2.11/lib/action_dispatch/middleware/templates/rescues/_source.erb (8.0ms)
  Rendered /usr/local/rvm/gems/ruby-2.3.1/gems/actionpack-4.2.11/lib/action_dispatch/middleware/templates/rescues/_trace.html.erb (2.5ms)
  Rendered /usr/local/rvm/gems/ruby-2.3.1/gems/actionpack-4.2.11/lib/action_dispatch/middleware/templates/rescues/_request_and_response.html.erb (1.0ms)
  Rendered /usr/local/rvm/gems/ruby-2.3.1/gems/actionpack-4.2.11/lib/action_dispatch/middleware/templates/rescues/template_error.html.erb within rescues/layout (27.5ms)


Started GET "/posts/1" for 190.102.85.204 at 2019-01-17 15:50:15 +0000
Processing by PostsController#show as HTML
  Parameters: {"id"=>"1"}
  Rendered posts/show.html.erb within layouts/application (1.5ms)
Completed 500 Internal Server Error in 4ms (ActiveRecord: 0.0ms)

ActionView::Template::Error (undefined method `title' for nil:NilClass):
    1: <!-- <h1><%= @post.title %></h1> -->
    2: <!-- <p><%= @post.description %></p> -->
  app/views/posts/show.html.erb:1:in `_app_views_posts_show_html_erb__3797307837797852107_38702240'


  Rendered /usr/local/rvm/gems/ruby-2.3.1/gems/actionpack-4.2.11/lib/action_dispatch/middleware/templates/rescues/_source.erb (6.3ms)
  Rendered /usr/local/rvm/gems/ruby-2.3.1/gems/actionpack-4.2.11/lib/action_dispatch/middleware/templates/rescues/_trace.html.erb (3.5ms)
  Rendered /usr/local/rvm/gems/ruby-2.3.1/gems/actionpack-4.2.11/lib/action_dispatch/middleware/templates/rescues/_request_and_response.html.erb (1.2ms)
  Rendered /usr/local/rvm/gems/ruby-2.3.1/gems/actionpack-4.2.11/lib/action_dispatch/middleware/templates/rescues/template_error.html.erb within rescues/layout (26.0ms)


Started GET "/posts/1" for 190.102.85.204 at 2019-01-17 15:50:48 +0000
Processing by PostsController#show as HTML
  Parameters: {"id"=>"1"}
  Rendered posts/show.html.erb within layouts/application (0.3ms)
Completed 200 OK in 218ms (Views: 217.2ms | ActiveRecord: 0.0ms)


Started GET "/posts/1" for 190.102.85.204 at 2019-01-17 15:51:02 +0000
Processing by PostsController#show as HTML
  Parameters: {"id"=>"1"}
  Rendered posts/show.html.erb within layouts/application (1.9ms)
Completed 500 Internal Server Error in 4ms (ActiveRecord: 0.0ms)

ActionView::Template::Error (undefined method `title' for nil:NilClass):
    1: 
    2: <h1><%= @post.title %></h1> -->
    3: <p><%= @post.description %></p>
  app/views/posts/show.html.erb:2:in `_app_views_posts_show_html_erb__3797307837797852107_70067105293740'


  Rendered /usr/local/rvm/gems/ruby-2.3.1/gems/actionpack-4.2.11/lib/action_dispatch/middleware/templates/rescues/_source.erb (7.0ms)
  Rendered /usr/local/rvm/gems/ruby-2.3.1/gems/actionpack-4.2.11/lib/action_dispatch/middleware/templates/rescues/_trace.html.erb (2.5ms)
  Rendered /usr/local/rvm/gems/ruby-2.3.1/gems/actionpack-4.2.11/lib/action_dispatch/middleware/templates/rescues/_request_and_response.html.erb (1.3ms)
  Rendered /usr/local/rvm/gems/ruby-2.3.1/gems/actionpack-4.2.11/lib/action_dispatch/middleware/templates/rescues/template_error.html.erb within rescues/layout (30.5ms)


Started GET "/posts/1" for 190.102.85.204 at 2019-01-17 15:51:17 +0000
Processing by PostsController#show as HTML
  Parameters: {"id"=>"1"}
  [1m[35mPost Load (0.3ms)[0m  SELECT  "posts".* FROM "posts" WHERE "posts"."id" = ? LIMIT 1  [["id", 1]]
Completed 404 Not Found in 81ms (ActiveRecord: 1.2ms)

ActiveRecord::RecordNotFound (Couldn't find Post with 'id'=1):
  app/controllers/posts_controller.rb:3:in `show'


  Rendered /usr/local/rvm/gems/ruby-2.3.1/gems/actionpack-4.2.11/lib/action_dispatch/middleware/templates/rescues/_source.erb (4.5ms)
  Rendered /usr/local/rvm/gems/ruby-2.3.1/gems/actionpack-4.2.11/lib/action_dispatch/middleware/templates/rescues/_trace.html.erb (2.3ms)
  Rendered /usr/local/rvm/gems/ruby-2.3.1/gems/actionpack-4.2.11/lib/action_dispatch/middleware/templates/rescues/_request_and_response.html.erb (1.1ms)
  Rendered /usr/local/rvm/gems/ruby-2.3.1/gems/actionpack-4.2.11/lib/action_dispatch/middleware/templates/rescues/diagnostics.html.erb within rescues/layout (22.6ms)


Started GET "/posts/1" for 190.102.85.204 at 2019-01-17 15:51:21 +0000
Processing by PostsController#show as HTML
  Parameters: {"id"=>"1"}
  [1m[36mPost Load (0.1ms)[0m  [1mSELECT  "posts".* FROM "posts" WHERE "posts"."id" = ? LIMIT 1[0m  [["id", 1]]
Completed 404 Not Found in 1ms (ActiveRecord: 0.1ms)

ActiveRecord::RecordNotFound (Couldn't find Post with 'id'=1):
  app/controllers/posts_controller.rb:3:in `show'


  Rendered /usr/local/rvm/gems/ruby-2.3.1/gems/actionpack-4.2.11/lib/action_dispatch/middleware/templates/rescues/_source.erb (7.1ms)
  Rendered /usr/local/rvm/gems/ruby-2.3.1/gems/actionpack-4.2.11/lib/action_dispatch/middleware/templates/rescues/_trace.html.erb (3.5ms)
  Rendered /usr/local/rvm/gems/ruby-2.3.1/gems/actionpack-4.2.11/lib/action_dispatch/middleware/templates/rescues/_request_and_response.html.erb (1.5ms)
  Rendered /usr/local/rvm/gems/ruby-2.3.1/gems/actionpack-4.2.11/lib/action_dispatch/middleware/templates/rescues/diagnostics.html.erb within rescues/layout (32.6ms)


Started GET "/posts/1" for 190.102.85.204 at 2019-01-17 15:52:17 +0000
Processing by PostsController#show as HTML
  Parameters: {"id"=>"1"}
  [1m[35mPost Load (0.1ms)[0m  SELECT  "posts".* FROM "posts" WHERE "posts"."id" = ? LIMIT 1  [["id", 1]]
Completed 404 Not Found in 1ms (ActiveRecord: 0.1ms)

ActiveRecord::RecordNotFound (Couldn't find Post with 'id'=1):
  app/controllers/posts_controller.rb:3:in `show'


  Rendered /usr/local/rvm/gems/ruby-2.3.1/gems/actionpack-4.2.11/lib/action_dispatch/middleware/templates/rescues/_source.erb (7.2ms)
  Rendered /usr/local/rvm/gems/ruby-2.3.1/gems/actionpack-4.2.11/lib/action_dispatch/middleware/templates/rescues/_trace.html.erb (3.6ms)
  Rendered /usr/local/rvm/gems/ruby-2.3.1/gems/actionpack-4.2.11/lib/action_dispatch/middleware/templates/rescues/_request_and_response.html.erb (1.7ms)
  Rendered /usr/local/rvm/gems/ruby-2.3.1/gems/actionpack-4.2.11/lib/action_dispatch/middleware/templates/rescues/diagnostics.html.erb within rescues/layout (27.1ms)


Started GET "/posts/1" for 190.102.85.204 at 2019-01-17 15:52:19 +0000
Processing by PostsController#show as HTML
  Parameters: {"id"=>"1"}
  [1m[36mPost Load (0.1ms)[0m  [1mSELECT  "posts".* FROM "posts" WHERE "posts"."id" = ? LIMIT 1[0m  [["id", 1]]
Completed 404 Not Found in 1ms (ActiveRecord: 0.1ms)

ActiveRecord::RecordNotFound (Couldn't find Post with 'id'=1):
  app/controllers/posts_controller.rb:3:in `show'


  Rendered /usr/local/rvm/gems/ruby-2.3.1/gems/actionpack-4.2.11/lib/action_dispatch/middleware/templates/rescues/_source.erb (3.9ms)
  Rendered /usr/local/rvm/gems/ruby-2.3.1/gems/actionpack-4.2.11/lib/action_dispatch/middleware/templates/rescues/_trace.html.erb (2.0ms)
  Rendered /usr/local/rvm/gems/ruby-2.3.1/gems/actionpack-4.2.11/lib/action_dispatch/middleware/templates/rescues/_request_and_response.html.erb (0.8ms)
  Rendered /usr/local/rvm/gems/ruby-2.3.1/gems/actionpack-4.2.11/lib/action_dispatch/middleware/templates/rescues/diagnostics.html.erb within rescues/layout (20.6ms)


Started GET "/posts/1" for 190.102.85.204 at 2019-01-17 15:52:26 +0000
Processing by PostsController#show as HTML
  Parameters: {"id"=>"1"}
  [1m[35mPost Load (0.1ms)[0m  SELECT  "posts".* FROM "posts" WHERE "posts"."id" = ? LIMIT 1  [["id", 1]]
Completed 404 Not Found in 1ms (ActiveRecord: 0.1ms)

ActiveRecord::RecordNotFound (Couldn't find Post with 'id'=1):
  app/controllers/posts_controller.rb:3:in `show'


  Rendered /usr/local/rvm/gems/ruby-2.3.1/gems/actionpack-4.2.11/lib/action_dispatch/middleware/templates/rescues/_source.erb (4.2ms)
  Rendered /usr/local/rvm/gems/ruby-2.3.1/gems/actionpack-4.2.11/lib/action_dispatch/middleware/templates/rescues/_trace.html.erb (2.1ms)
  Rendered /usr/local/rvm/gems/ruby-2.3.1/gems/actionpack-4.2.11/lib/action_dispatch/middleware/templates/rescues/_request_and_response.html.erb (0.9ms)
  Rendered /usr/local/rvm/gems/ruby-2.3.1/gems/actionpack-4.2.11/lib/action_dispatch/middleware/templates/rescues/diagnostics.html.erb within rescues/layout (20.9ms)


Started GET "/posts/1" for 190.102.85.204 at 2019-01-17 15:52:56 +0000
Processing by PostsController#show as HTML
  Parameters: {"id"=>"1"}
  [1m[36mPost Load (0.1ms)[0m  [1mSELECT  "posts".* FROM "posts" WHERE "posts"."id" = ? LIMIT 1[0m  [["id", 1]]
Completed 404 Not Found in 1ms (ActiveRecord: 0.1ms)

ActiveRecord::RecordNotFound (Couldn't find Post with 'id'=1):
  app/controllers/posts_controller.rb:3:in `show'


  Rendered /usr/local/rvm/gems/ruby-2.3.1/gems/actionpack-4.2.11/lib/action_dispatch/middleware/templates/rescues/_source.erb (4.2ms)
  Rendered /usr/local/rvm/gems/ruby-2.3.1/gems/actionpack-4.2.11/lib/action_dispatch/middleware/templates/rescues/_trace.html.erb (2.4ms)
  Rendered /usr/local/rvm/gems/ruby-2.3.1/gems/actionpack-4.2.11/lib/action_dispatch/middleware/templates/rescues/_request_and_response.html.erb (1.0ms)
  Rendered /usr/local/rvm/gems/ruby-2.3.1/gems/actionpack-4.2.11/lib/action_dispatch/middleware/templates/rescues/diagnostics.html.erb within rescues/layout (22.2ms)


Started GET "/posts/1" for 190.102.85.204 at 2019-01-17 15:52:58 +0000
Processing by PostsController#show as HTML
  Parameters: {"id"=>"1"}
  [1m[35mPost Load (0.1ms)[0m  SELECT  "posts".* FROM "posts" WHERE "posts"."id" = ? LIMIT 1  [["id", 1]]
Completed 404 Not Found in 1ms (ActiveRecord: 0.1ms)

ActiveRecord::RecordNotFound (Couldn't find Post with 'id'=1):
  app/controllers/posts_controller.rb:3:in `show'


  Rendered /usr/local/rvm/gems/ruby-2.3.1/gems/actionpack-4.2.11/lib/action_dispatch/middleware/templates/rescues/_source.erb (4.6ms)
  Rendered /usr/local/rvm/gems/ruby-2.3.1/gems/actionpack-4.2.11/lib/action_dispatch/middleware/templates/rescues/_trace.html.erb (2.3ms)
  Rendered /usr/local/rvm/gems/ruby-2.3.1/gems/actionpack-4.2.11/lib/action_dispatch/middleware/templates/rescues/_request_and_response.html.erb (1.1ms)
  Rendered /usr/local/rvm/gems/ruby-2.3.1/gems/actionpack-4.2.11/lib/action_dispatch/middleware/templates/rescues/diagnostics.html.erb within rescues/layout (22.6ms)


Started GET "/posts/1" for 190.102.85.204 at 2019-01-17 15:52:59 +0000
Processing by PostsController#show as HTML
  Parameters: {"id"=>"1"}
  [1m[36mPost Load (0.1ms)[0m  [1mSELECT  "posts".* FROM "posts" WHERE "posts"."id" = ? LIMIT 1[0m  [["id", 1]]
Completed 404 Not Found in 1ms (ActiveRecord: 0.1ms)

ActiveRecord::RecordNotFound (Couldn't find Post with 'id'=1):
  app/controllers/posts_controller.rb:3:in `show'


  Rendered /usr/local/rvm/gems/ruby-2.3.1/gems/actionpack-4.2.11/lib/action_dispatch/middleware/templates/rescues/_source.erb (4.6ms)
  Rendered /usr/local/rvm/gems/ruby-2.3.1/gems/actionpack-4.2.11/lib/action_dispatch/middleware/templates/rescues/_trace.html.erb (2.5ms)
  Rendered /usr/local/rvm/gems/ruby-2.3.1/gems/actionpack-4.2.11/lib/action_dispatch/middleware/templates/rescues/_request_and_response.html.erb (0.9ms)
  Rendered /usr/local/rvm/gems/ruby-2.3.1/gems/actionpack-4.2.11/lib/action_dispatch/middleware/templates/rescues/diagnostics.html.erb within rescues/layout (22.8ms)


Started GET "/posts/1" for 190.102.85.204 at 2019-01-17 15:54:16 +0000
Processing by PostsController#show as HTML
  Parameters: {"id"=>"1"}
  Rendered posts/show.html.erb within layouts/application (0.3ms)
Completed 200 OK in 17ms (Views: 16.0ms | ActiveRecord: 0.0ms)


Started GET "/assets/application.self-e80e8f2318043e8af94dddc2adad5a4f09739a8ebb323b3ab31cd71d45fd9113.css?body=1" for 190.102.85.204 at 2019-01-17 15:54:16 +0000


Started GET "/assets/jquery.self-bd7ddd393353a8d2480a622e80342adf488fb6006d667e8b42e4c0073393abee.js?body=1" for 190.102.85.204 at 2019-01-17 15:54:16 +0000


Started GET "/assets/jquery_ujs.self-784a997f6726036b1993eb2217c9cb558e1cbb801c6da88105588c56f13b466a.js?body=1" for 190.102.85.204 at 2019-01-17 15:54:16 +0000


Started GET "/assets/turbolinks.self-569ee74eaa15c1e2019317ff770b8769b1ec033a0f572a485f64c82ddc8f989e.js?body=1" for 190.102.85.204 at 2019-01-17 15:54:16 +0000


Started GET "/assets/application.self-3b8dabdc891efe46b9a144b400ad69e37d7e5876bdc39dee783419a69d7ca819.js?body=1" for 190.102.85.204 at 2019-01-17 15:54:16 +0000


Started GET "/posts/1" for 190.102.85.204 at 2019-01-17 15:54:54 +0000
Processing by PostsController#show as HTML
  Parameters: {"id"=>"1"}
  [1m[35mPost Load (0.2ms)[0m  SELECT  "posts".* FROM "posts" WHERE "posts"."id" = ? LIMIT 1  [["id", 1]]
Completed 404 Not Found in 5ms (ActiveRecord: 1.1ms)

ActiveRecord::RecordNotFound (Couldn't find Post with 'id'=1):
  app/controllers/posts_controller.rb:3:in `show'


  Rendered /usr/local/rvm/gems/ruby-2.3.1/gems/actionpack-4.2.11/lib/action_dispatch/middleware/templates/rescues/_source.erb (10.6ms)
  Rendered /usr/local/rvm/gems/ruby-2.3.1/gems/actionpack-4.2.11/lib/action_dispatch/middleware/templates/rescues/_trace.html.erb (2.1ms)
  Rendered /usr/local/rvm/gems/ruby-2.3.1/gems/actionpack-4.2.11/lib/action_dispatch/middleware/templates/rescues/_request_and_response.html.erb (0.9ms)
  Rendered /usr/local/rvm/gems/ruby-2.3.1/gems/actionpack-4.2.11/lib/action_dispatch/middleware/templates/rescues/diagnostics.html.erb within rescues/layout (28.5ms)


Started GET "/posts/1" for 190.102.85.204 at 2019-01-17 15:55:33 +0000
Processing by PostsController#show as HTML
  Parameters: {"id"=>"1"}
  [1m[36mPost Load (0.1ms)[0m  [1mSELECT  "posts".* FROM "posts" WHERE "posts"."id" = ? LIMIT 1[0m  [["id", 1]]
  Rendered posts/show.html.erb within layouts/application (1.9ms)
Completed 500 Internal Server Error in 9ms (ActiveRecord: 0.6ms)

ActionView::Template::Error (undefined method `title' for nil:NilClass):
    1: 
    2: <h1><%= @post.title %></h1>
    3: <p><%= @post.description %></p>
  app/views/posts/show.html.erb:2:in `_app_views_posts_show_html_erb__3797307837797852107_70067106392400'


  Rendered /usr/local/rvm/gems/ruby-2.3.1/gems/actionpack-4.2.11/lib/action_dispatch/middleware/templates/rescues/_source.erb (6.0ms)
  Rendered /usr/local/rvm/gems/ruby-2.3.1/gems/actionpack-4.2.11/lib/action_dispatch/middleware/templates/rescues/_trace.html.erb (2.8ms)
  Rendered /usr/local/rvm/gems/ruby-2.3.1/gems/actionpack-4.2.11/lib/action_dispatch/middleware/templates/rescues/_request_and_response.html.erb (1.0ms)
  Rendered /usr/local/rvm/gems/ruby-2.3.1/gems/actionpack-4.2.11/lib/action_dispatch/middleware/templates/rescues/template_error.html.erb within rescues/layout (23.6ms)
